The system is: Linux - 5.4.0-81-generic - x86_64
Compiling the C compiler identification source file "CMakeCCompilerId.c" succeeded.
Compiler: /usr/bin/cc 
Build flags: 
Id flags:  

The output was:
0


Compilation of the C compiler identification source "CMakeCCompilerId.c" produced "a.out"

The C compiler identification is GNU, found in "/home/jasper/ardupilot_gazebo/build/CMakeFiles/3.10.2/CompilerIdC/a.out"

Compiling the CXX compiler identification source file "CMakeCXXCompilerId.cpp" succeeded.
Compiler: /usr/bin/c++ 
Build flags: 
Id flags:  

The output was:
0


Compilation of the CXX compiler identification source "CMakeCXXCompilerId.cpp" produced "a.out"

The CXX compiler identification is GNU, found in "/home/jasper/ardupilot_gazebo/build/CMakeFiles/3.10.2/CompilerIdCXX/a.out"

Determining if the C compiler works passed with the following output:
Change Dir: /home/jasper/ardupilot_gazebo/build/CMakeFiles/CMakeTmp

Run Build Command:"/usr/bin/make" "cmTC_8c716/fast"
/usr/bin/make -f CMakeFiles/cmTC_8c716.dir/build.make CMakeFiles/cmTC_8c716.dir/build
make[1]: Entering directory '/home/jasper/ardupilot_gazebo/build/CMakeFiles/CMakeTmp'
Building C object CMakeFiles/cmTC_8c716.dir/testCCompiler.c.o
/usr/bin/cc    -o CMakeFiles/cmTC_8c716.dir/testCCompiler.c.o   -c /home/jasper/ardupilot_gazebo/build/CMakeFiles/CMakeTmp/testCCompiler.c
Linking C executable cmTC_8c716
/usr/bin/cmake -E cmake_link_script CMakeFiles/cmTC_8c716.dir/link.txt --verbose=1
/usr/bin/cc      -rdynamic CMakeFiles/cmTC_8c716.dir/testCCompiler.c.o  -o cmTC_8c716 
make[1]: Leaving directory '/home/jasper/ardupilot_gazebo/build/CMakeFiles/CMakeTmp'


Detecting C compiler ABI info compiled with the following output:
Change Dir: /home/jasper/ardupilot_gazebo/build/CMakeFiles/CMakeTmp

Run Build Command:"/usr/bin/make" "cmTC_2fc44/fast"
/usr/bin/make -f CMakeFiles/cmTC_2fc44.dir/build.make CMakeFiles/cmTC_2fc44.dir/build
make[1]: Entering directory '/home/jasper/ardupilot_gazebo/build/CMakeFiles/CMakeTmp'
Building C object CMakeFiles/cmTC_2fc44.dir/CMakeCCompilerABI.c.o
/usr/bin/cc    -o CMakeFiles/cmTC_2fc44.dir/CMakeCCompilerABI.c.o   -c /usr/share/cmake-3.10/Modules/CMakeCCompilerABI.c
Linking C executable cmTC_2fc44
/usr/bin/cmake -E cmake_link_script CMakeFiles/cmTC_2fc44.dir/link.txt --verbose=1
/usr/bin/cc     -v -rdynamic CMakeFiles/cmTC_2fc44.dir/CMakeCCompilerABI.c.o  -o cmTC_2fc44 
Using built-in specs.
COLLECT_GCC=/usr/bin/cc
COLLECT_LTO_WRAPPER=/usr/lib/gcc/x86_64-linux-gnu/7/lto-wrapper
OFFLOAD_TARGET_NAMES=nvptx-none
OFFLOAD_TARGET_DEFAULT=1
Target: x86_64-linux-gnu
Configured with: ../src/configure -v --with-pkgversion='Ubuntu 7.5.0-3ubuntu1~18.04' --with-bugurl=file:///usr/share/doc/gcc-7/README.Bugs --enable-languages=c,ada,c++,go,brig,d,fortran,objc,obj-c++ --prefix=/usr --with-gcc-major-version-only --program-suffix=-7 --program-prefix=x86_64-linux-gnu- --enable-shared --enable-linker-build-id --libexecdir=/usr/lib --without-included-gettext --enable-threads=posix --libdir=/usr/lib --enable-nls --enable-bootstrap --enable-clocale=gnu --enable-libstdcxx-debug --enable-libstdcxx-time=yes --with-default-libstdcxx-abi=new --enable-gnu-unique-object --disable-vtable-verify --enable-libmpx --enable-plugin --enable-default-pie --with-system-zlib --with-target-system-zlib --enable-objc-gc=auto --enable-multiarch --disable-werror --with-arch-32=i686 --with-abi=m64 --with-multilib-list=m32,m64,mx32 --enable-multilib --with-tune=generic --enable-offload-targets=nvptx-none --without-cuda-driver --enable-checking=release --build=x86_64-linux-gnu --host=x86_64-linux-gnu --target=x86_64-linux-gnu
Thread model: posix
gcc version 7.5.0 (Ubuntu 7.5.0-3ubuntu1~18.04) 
COMPILER_PATH=/usr/lib/gcc/x86_64-linux-gnu/7/:/usr/lib/gcc/x86_64-linux-gnu/7/:/usr/lib/gcc/x86_64-linux-gnu/:/usr/lib/gcc/x86_64-linux-gnu/7/:/usr/lib/gcc/x86_64-linux-gnu/
LIBRARY_PATH=/usr/lib/gcc/x86_64-linux-gnu/7/:/usr/lib/gcc/x86_64-linux-gnu/7/../../../x86_64-linux-gnu/:/usr/lib/gcc/x86_64-linux-gnu/7/../../../../lib/:/lib/x86_64-linux-gnu/:/lib/../lib/:/usr/lib/x86_64-linux-gnu/:/usr/lib/../lib/:/usr/lib/gcc/x86_64-linux-gnu/7/../../../:/lib/:/usr/lib/
COLLECT_GCC_OPTIONS='-v' '-rdynamic' '-o' 'cmTC_2fc44' '-mtune=generic' '-march=x86-64'
 /usr/lib/gcc/x86_64-linux-gnu/7/collect2 -plugin /usr/lib/gcc/x86_64-linux-gnu/7/liblto_plugin.so -plugin-opt=/usr/lib/gcc/x86_64-linux-gnu/7/lto-wrapper -plugin-opt=-fresolution=/tmp/ccygo8vk.res -plugin-opt=-pass-through=-lgcc -plugin-opt=-pass-through=-lgcc_s -plugin-opt=-pass-through=-lc -plugin-opt=-pass-through=-lgcc -plugin-opt=-pass-through=-lgcc_s --build-id --eh-frame-hdr -m elf_x86_64 --hash-style=gnu --as-needed -export-dynamic -dynamic-linker /lib64/ld-linux-x86-64.so.2 -pie -z now -z relro -o cmTC_2fc44 /usr/lib/gcc/x86_64-linux-gnu/7/../../../x86_64-linux-gnu/Scrt1.o /usr/lib/gcc/x86_64-linux-gnu/7/../../../x86_64-linux-gnu/crti.o /usr/lib/gcc/x86_64-linux-gnu/7/crtbeginS.o -L/usr/lib/gcc/x86_64-linux-gnu/7 -L/usr/lib/gcc/x86_64-linux-gnu/7/../../../x86_64-linux-gnu -L/usr/lib/gcc/x86_64-linux-gnu/7/../../../../lib -L/lib/x86_64-linux-gnu -L/lib/../lib -L/usr/lib/x86_64-linux-gnu -L/usr/lib/../lib -L/usr/lib/gcc/x86_64-linux-gnu/7/../../.. CMakeFiles/cmTC_2fc44.dir/CMakeCCompilerABI.c.o -lgcc --push-state --as-needed -lgcc_s --pop-state -lc -lgcc --push-state --as-needed -lgcc_s --pop-state /usr/lib/gcc/x86_64-linux-gnu/7/crtendS.o /usr/lib/gcc/x86_64-linux-gnu/7/../../../x86_64-linux-gnu/crtn.o
COLLECT_GCC_OPTIONS='-v' '-rdynamic' '-o' 'cmTC_2fc44' '-mtune=generic' '-march=x86-64'
make[1]: Leaving directory '/home/jasper/ardupilot_gazebo/build/CMakeFiles/CMakeTmp'


Parsed C implicit link information from above output:
  link line regex: [^( *|.*[/\])(ld|CMAKE_LINK_STARTFILE-NOTFOUND|([^/\]+-)?ld|collect2)[^/\]*( |$)]
  ignore line: [Change Dir: /home/jasper/ardupilot_gazebo/build/CMakeFiles/CMakeTmp]
  ignore line: []
  ignore line: [Run Build Command:"/usr/bin/make" "cmTC_2fc44/fast"]
  ignore line: [/usr/bin/make -f CMakeFiles/cmTC_2fc44.dir/build.make CMakeFiles/cmTC_2fc44.dir/build]
  ignore line: [make[1]: Entering directory '/home/jasper/ardupilot_gazebo/build/CMakeFiles/CMakeTmp']
  ignore line: [Building C object CMakeFiles/cmTC_2fc44.dir/CMakeCCompilerABI.c.o]
  ignore line: [/usr/bin/cc    -o CMakeFiles/cmTC_2fc44.dir/CMakeCCompilerABI.c.o   -c /usr/share/cmake-3.10/Modules/CMakeCCompilerABI.c]
  ignore line: [Linking C executable cmTC_2fc44]
  ignore line: [/usr/bin/cmake -E cmake_link_script CMakeFiles/cmTC_2fc44.dir/link.txt --verbose=1]
  ignore line: [/usr/bin/cc     -v -rdynamic CMakeFiles/cmTC_2fc44.dir/CMakeCCompilerABI.c.o  -o cmTC_2fc44 ]
  ignore line: [Using built-in specs.]
  ignore line: [COLLECT_GCC=/usr/bin/cc]
  ignore line: [COLLECT_LTO_WRAPPER=/usr/lib/gcc/x86_64-linux-gnu/7/lto-wrapper]
  ignore line: [OFFLOAD_TARGET_NAMES=nvptx-none]
  ignore line: [OFFLOAD_TARGET_DEFAULT=1]
  ignore line: [Target: x86_64-linux-gnu]
  ignore line: [Configured with: ../src/configure -v --with-pkgversion='Ubuntu 7.5.0-3ubuntu1~18.04' --with-bugurl=file:///usr/share/doc/gcc-7/README.Bugs --enable-languages=c,ada,c++,go,brig,d,fortran,objc,obj-c++ --prefix=/usr --with-gcc-major-version-only --program-suffix=-7 --program-prefix=x86_64-linux-gnu- --enable-shared --enable-linker-build-id --libexecdir=/usr/lib --without-included-gettext --enable-threads=posix --libdir=/usr/lib --enable-nls --enable-bootstrap --enable-clocale=gnu --enable-libstdcxx-debug --enable-libstdcxx-time=yes --with-default-libstdcxx-abi=new --enable-gnu-unique-object --disable-vtable-verify --enable-libmpx --enable-plugin --enable-default-pie --with-system-zlib --with-target-system-zlib --enable-objc-gc=auto --enable-multiarch --disable-werror --with-arch-32=i686 --with-abi=m64 --with-multilib-list=m32,m64,mx32 --enable-multilib --with-tune=generic --enable-offload-targets=nvptx-none --without-cuda-driver --enable-checking=release --build=x86_64-linux-gnu --host=x86_64-linux-gnu --target=x86_64-linux-gnu]
  ignore line: [Thread model: posix]
  ignore line: [gcc version 7.5.0 (Ubuntu 7.5.0-3ubuntu1~18.04) ]
  ignore line: [COMPILER_PATH=/usr/lib/gcc/x86_64-linux-gnu/7/:/usr/lib/gcc/x86_64-linux-gnu/7/:/usr/lib/gcc/x86_64-linux-gnu/:/usr/lib/gcc/x86_64-linux-gnu/7/:/usr/lib/gcc/x86_64-linux-gnu/]
  ignore line: [LIBRARY_PATH=/usr/lib/gcc/x86_64-linux-gnu/7/:/usr/lib/gcc/x86_64-linux-gnu/7/../../../x86_64-linux-gnu/:/usr/lib/gcc/x86_64-linux-gnu/7/../../../../lib/:/lib/x86_64-linux-gnu/:/lib/../lib/:/usr/lib/x86_64-linux-gnu/:/usr/lib/../lib/:/usr/lib/gcc/x86_64-linux-gnu/7/../../../:/lib/:/usr/lib/]
  ignore line: [COLLECT_GCC_OPTIONS='-v' '-rdynamic' '-o' 'cmTC_2fc44' '-mtune=generic' '-march=x86-64']
  link line: [ /usr/lib/gcc/x86_64-linux-gnu/7/collect2 -plugin /usr/lib/gcc/x86_64-linux-gnu/7/liblto_plugin.so -plugin-opt=/usr/lib/gcc/x86_64-linux-gnu/7/lto-wrapper -plugin-opt=-fresolution=/tmp/ccygo8vk.res -plugin-opt=-pass-through=-lgcc -plugin-opt=-pass-through=-lgcc_s -plugin-opt=-pass-through=-lc -plugin-opt=-pass-through=-lgcc -plugin-opt=-pass-through=-lgcc_s --build-id --eh-frame-hdr -m elf_x86_64 --hash-style=gnu --as-needed -export-dynamic -dynamic-linker /lib64/ld-linux-x86-64.so.2 -pie -z now -z relro -o cmTC_2fc44 /usr/lib/gcc/x86_64-linux-gnu/7/../../../x86_64-linux-gnu/Scrt1.o /usr/lib/gcc/x86_64-linux-gnu/7/../../../x86_64-linux-gnu/crti.o /usr/lib/gcc/x86_64-linux-gnu/7/crtbeginS.o -L/usr/lib/gcc/x86_64-linux-gnu/7 -L/usr/lib/gcc/x86_64-linux-gnu/7/../../../x86_64-linux-gnu -L/usr/lib/gcc/x86_64-linux-gnu/7/../../../../lib -L/lib/x86_64-linux-gnu -L/lib/../lib -L/usr/lib/x86_64-linux-gnu -L/usr/lib/../lib -L/usr/lib/gcc/x86_64-linux-gnu/7/../../.. CMakeFiles/cmTC_2fc44.dir/CMakeCCompilerABI.c.o -lgcc --push-state --as-needed -lgcc_s --pop-state -lc -lgcc --push-state --as-needed -lgcc_s --pop-state /usr/lib/gcc/x86_64-linux-gnu/7/crtendS.o /usr/lib/gcc/x86_64-linux-gnu/7/../../../x86_64-linux-gnu/crtn.o]
    arg [/usr/lib/gcc/x86_64-linux-gnu/7/collect2] ==> ignore
    arg [-plugin] ==> ignore
    arg [/usr/lib/gcc/x86_64-linux-gnu/7/liblto_plugin.so] ==> ignore
    arg [-plugin-opt=/usr/lib/gcc/x86_64-linux-gnu/7/lto-wrapper] ==> ignore
    arg [-plugin-opt=-fresolution=/tmp/ccygo8vk.res] ==> ignore
    arg [-plugin-opt=-pass-through=-lgcc] ==> ignore
    arg [-plugin-opt=-pass-through=-lgcc_s] ==> ignore
    arg [-plugin-opt=-pass-through=-lc] ==> ignore
    arg [-plugin-opt=-pass-through=-lgcc] ==> ignore
    arg [-plugin-opt=-pass-through=-lgcc_s] ==> ignore
    arg [--build-id] ==> ignore
    arg [--eh-frame-hdr] ==> ignore
    arg [-m] ==> ignore
    arg [elf_x86_64] ==> ignore
    arg [--hash-style=gnu] ==> ignore
    arg [--as-needed] ==> ignore
    arg [-export-dynamic] ==> ignore
    arg [-dynamic-linker] ==> ignore
    arg [/lib64/ld-linux-x86-64.so.2] ==> ignore
    arg [-pie] ==> ignore
    arg [-znow] ==> ignore
    arg [-zrelro] ==> ignore
    arg [-o] ==> ignore
    arg [cmTC_2fc44] ==> ignore
    arg [/usr/lib/gcc/x86_64-linux-gnu/7/../../../x86_64-linux-gnu/Scrt1.o] ==> ignore
    arg [/usr/lib/gcc/x86_64-linux-gnu/7/../../../x86_64-linux-gnu/crti.o] ==> ignore
    arg [/usr/lib/gcc/x86_64-linux-gnu/7/crtbeginS.o] ==> ignore
    arg [-L/usr/lib/gcc/x86_64-linux-gnu/7] ==> dir [/usr/lib/gcc/x86_64-linux-gnu/7]
    arg [-L/usr/lib/gcc/x86_64-linux-gnu/7/../../../x86_64-linux-gnu] ==> dir [/usr/lib/gcc/x86_64-linux-gnu/7/../../../x86_64-linux-gnu]
    arg [-L/usr/lib/gcc/x86_64-linux-gnu/7/../../../../lib] ==> dir [/usr/lib/gcc/x86_64-linux-gnu/7/../../../../lib]
    arg [-L/lib/x86_64-linux-gnu] ==> dir [/lib/x86_64-linux-gnu]
    arg [-L/lib/../lib] ==> dir [/lib/../lib]
    arg [-L/usr/lib/x86_64-linux-gnu] ==> dir [/usr/lib/x86_64-linux-gnu]
    arg [-L/usr/lib/../lib] ==> dir [/usr/lib/../lib]
    arg [-L/usr/lib/gcc/x86_64-linux-gnu/7/../../..] ==> dir [/usr/lib/gcc/x86_64-linux-gnu/7/../../..]
    arg [CMakeFiles/cmTC_2fc44.dir/CMakeCCompilerABI.c.o] ==> ignore
    arg [-lgcc] ==> lib [gcc]
    arg [--push-state] ==> ignore
    arg [--as-needed] ==> ignore
    arg [-lgcc_s] ==> lib [gcc_s]
    arg [--pop-state] ==> ignore
    arg [-lc] ==> lib [c]
    arg [-lgcc] ==> lib [gcc]
    arg [--push-state] ==> ignore
    arg [--as-needed] ==> ignore
    arg [-lgcc_s] ==> lib [gcc_s]
    arg [--pop-state] ==> ignore
    arg [/usr/lib/gcc/x86_64-linux-gnu/7/crtendS.o] ==> ignore
    arg [/usr/lib/gcc/x86_64-linux-gnu/7/../../../x86_64-linux-gnu/crtn.o] ==> ignore
  collapse library dir [/usr/lib/gcc/x86_64-linux-gnu/7] ==> [/usr/lib/gcc/x86_64-linux-gnu/7]
  collapse library dir [/usr/lib/gcc/x86_64-linux-gnu/7/../../../x86_64-linux-gnu] ==> [/usr/lib/x86_64-linux-gnu]
  collapse library dir [/usr/lib/gcc/x86_64-linux-gnu/7/../../../../lib] ==> [/usr/lib]
  collapse library dir [/lib/x86_64-linux-gnu] ==> [/lib/x86_64-linux-gnu]
  collapse library dir [/lib/../lib] ==> [/lib]
  collapse library dir [/usr/lib/x86_64-linux-gnu] ==> [/usr/lib/x86_64-linux-gnu]
  collapse library dir [/usr/lib/../lib] ==> [/usr/lib]
  collapse library dir [/usr/lib/gcc/x86_64-linux-gnu/7/../../..] ==> [/usr/lib]
  implicit libs: [gcc;gcc_s;c;gcc;gcc_s]
  implicit dirs: [/usr/lib/gcc/x86_64-linux-gnu/7;/usr/lib/x86_64-linux-gnu;/usr/lib;/lib/x86_64-linux-gnu;/lib]
  implicit fwks: []




Detecting C [-std=c11] compiler features compiled with the following output:
Change Dir: /home/jasper/ardupilot_gazebo/build/CMakeFiles/CMakeTmp

Run Build Command:"/usr/bin/make" "cmTC_98343/fast"
/usr/bin/make -f CMakeFiles/cmTC_98343.dir/build.make CMakeFiles/cmTC_98343.dir/build
make[1]: Entering directory '/home/jasper/ardupilot_gazebo/build/CMakeFiles/CMakeTmp'
Building C object CMakeFiles/cmTC_98343.dir/feature_tests.c.o
/usr/bin/cc   -std=c11 -o CMakeFiles/cmTC_98343.dir/feature_tests.c.o   -c /home/jasper/ardupilot_gazebo/build/CMakeFiles/feature_tests.c
Linking C executable cmTC_98343
/usr/bin/cmake -E cmake_link_script CMakeFiles/cmTC_98343.dir/link.txt --verbose=1
/usr/bin/cc      -rdynamic CMakeFiles/cmTC_98343.dir/feature_tests.c.o  -o cmTC_98343 
make[1]: Leaving directory '/home/jasper/ardupilot_gazebo/build/CMakeFiles/CMakeTmp'


    Feature record: C_FEATURE:1c_function_prototypes
    Feature record: C_FEATURE:1c_restrict
    Feature record: C_FEATURE:1c_static_assert
    Feature record: C_FEATURE:1c_variadic_macros


Detecting C [-std=c99] compiler features compiled with the following output:
Change Dir: /home/jasper/ardupilot_gazebo/build/CMakeFiles/CMakeTmp

Run Build Command:"/usr/bin/make" "cmTC_262d9/fast"
/usr/bin/make -f CMakeFiles/cmTC_262d9.dir/build.make CMakeFiles/cmTC_262d9.dir/build
make[1]: Entering directory '/home/jasper/ardupilot_gazebo/build/CMakeFiles/CMakeTmp'
Building C object CMakeFiles/cmTC_262d9.dir/feature_tests.c.o
/usr/bin/cc   -std=c99 -o CMakeFiles/cmTC_262d9.dir/feature_tests.c.o   -c /home/jasper/ardupilot_gazebo/build/CMakeFiles/feature_tests.c
Linking C executable cmTC_262d9
/usr/bin/cmake -E cmake_link_script CMakeFiles/cmTC_262d9.dir/link.txt --verbose=1
/usr/bin/cc      -rdynamic CMakeFiles/cmTC_262d9.dir/feature_tests.c.o  -o cmTC_262d9 
make[1]: Leaving directory '/home/jasper/ardupilot_gazebo/build/CMakeFiles/CMakeTmp'


    Feature record: C_FEATURE:1c_function_prototypes
    Feature record: C_FEATURE:1c_restrict
    Feature record: C_FEATURE:0c_static_assert
    Feature record: C_FEATURE:1c_variadic_macros


Detecting C [-std=c90] compiler features compiled with the following output:
Change Dir: /home/jasper/ardupilot_gazebo/build/CMakeFiles/CMakeTmp

Run Build Command:"/usr/bin/make" "cmTC_e2806/fast"
/usr/bin/make -f CMakeFiles/cmTC_e2806.dir/build.make CMakeFiles/cmTC_e2806.dir/build
make[1]: Entering directory '/home/jasper/ardupilot_gazebo/build/CMakeFiles/CMakeTmp'
Building C object CMakeFiles/cmTC_e2806.dir/feature_tests.c.o
/usr/bin/cc   -std=c90 -o CMakeFiles/cmTC_e2806.dir/feature_tests.c.o   -c /home/jasper/ardupilot_gazebo/build/CMakeFiles/feature_tests.c
Linking C executable cmTC_e2806
/usr/bin/cmake -E cmake_link_script CMakeFiles/cmTC_e2806.dir/link.txt --verbose=1
/usr/bin/cc      -rdynamic CMakeFiles/cmTC_e2806.dir/feature_tests.c.o  -o cmTC_e2806 
make[1]: Leaving directory '/home/jasper/ardupilot_gazebo/build/CMakeFiles/CMakeTmp'


    Feature record: C_FEATURE:1c_function_prototypes
    Feature record: C_FEATURE:0c_restrict
    Feature record: C_FEATURE:0c_static_assert
    Feature record: C_FEATURE:0c_variadic_macros
Determining if the CXX compiler works passed with the following output:
Change Dir: /home/jasper/ardupilot_gazebo/build/CMakeFiles/CMakeTmp

Run Build Command:"/usr/bin/make" "cmTC_c39b5/fast"
/usr/bin/make -f CMakeFiles/cmTC_c39b5.dir/build.make CMakeFiles/cmTC_c39b5.dir/build
make[1]: Entering directory '/home/jasper/ardupilot_gazebo/build/CMakeFiles/CMakeTmp'
Building CXX object CMakeFiles/cmTC_c39b5.dir/testCXXCompiler.cxx.o
/usr/bin/c++     -o CMakeFiles/cmTC_c39b5.dir/testCXXCompiler.cxx.o -c /home/jasper/ardupilot_gazebo/build/CMakeFiles/CMakeTmp/testCXXCompiler.cxx
Linking CXX executable cmTC_c39b5
/usr/bin/cmake -E cmake_link_script CMakeFiles/cmTC_c39b5.dir/link.txt --verbose=1
/usr/bin/c++       -rdynamic CMakeFiles/cmTC_c39b5.dir/testCXXCompiler.cxx.o  -o cmTC_c39b5 
make[1]: Leaving directory '/home/jasper/ardupilot_gazebo/build/CMakeFiles/CMakeTmp'


Detecting CXX compiler ABI info compiled with the following output:
Change Dir: /home/jasper/ardupilot_gazebo/build/CMakeFiles/CMakeTmp

Run Build Command:"/usr/bin/make" "cmTC_16edb/fast"
/usr/bin/make -f CMakeFiles/cmTC_16edb.dir/build.make CMakeFiles/cmTC_16edb.dir/build
make[1]: Entering directory '/home/jasper/ardupilot_gazebo/build/CMakeFiles/CMakeTmp'
Building CXX object CMakeFiles/cmTC_16edb.dir/CMakeCXXCompilerABI.cpp.o
/usr/bin/c++     -o CMakeFiles/cmTC_16edb.dir/CMakeCXXCompilerABI.cpp.o -c /usr/share/cmake-3.10/Modules/CMakeCXXCompilerABI.cpp
Linking CXX executable cmTC_16edb
/usr/bin/cmake -E cmake_link_script CMakeFiles/cmTC_16edb.dir/link.txt --verbose=1
/usr/bin/c++      -v -rdynamic CMakeFiles/cmTC_16edb.dir/CMakeCXXCompilerABI.cpp.o  -o cmTC_16edb 
Using built-in specs.
COLLECT_GCC=/usr/bin/c++
COLLECT_LTO_WRAPPER=/usr/lib/gcc/x86_64-linux-gnu/7/lto-wrapper
OFFLOAD_TARGET_NAMES=nvptx-none
OFFLOAD_TARGET_DEFAULT=1
Target: x86_64-linux-gnu
Configured with: ../src/configure -v --with-pkgversion='Ubuntu 7.5.0-3ubuntu1~18.04' --with-bugurl=file:///usr/share/doc/gcc-7/README.Bugs --enable-languages=c,ada,c++,go,brig,d,fortran,objc,obj-c++ --prefix=/usr --with-gcc-major-version-only --program-suffix=-7 --program-prefix=x86_64-linux-gnu- --enable-shared --enable-linker-build-id --libexecdir=/usr/lib --without-included-gettext --enable-threads=posix --libdir=/usr/lib --enable-nls --enable-bootstrap --enable-clocale=gnu --enable-libstdcxx-debug --enable-libstdcxx-time=yes --with-default-libstdcxx-abi=new --enable-gnu-unique-object --disable-vtable-verify --enable-libmpx --enable-plugin --enable-default-pie --with-system-zlib --with-target-system-zlib --enable-objc-gc=auto --enable-multiarch --disable-werror --with-arch-32=i686 --with-abi=m64 --with-multilib-list=m32,m64,mx32 --enable-multilib --with-tune=generic --enable-offload-targets=nvptx-none --without-cuda-driver --enable-checking=release --build=x86_64-linux-gnu --host=x86_64-linux-gnu --target=x86_64-linux-gnu
Thread model: posix
gcc version 7.5.0 (Ubuntu 7.5.0-3ubuntu1~18.04) 
COMPILER_PATH=/usr/lib/gcc/x86_64-linux-gnu/7/:/usr/lib/gcc/x86_64-linux-gnu/7/:/usr/lib/gcc/x86_64-linux-gnu/:/usr/lib/gcc/x86_64-linux-gnu/7/:/usr/lib/gcc/x86_64-linux-gnu/
LIBRARY_PATH=/usr/lib/gcc/x86_64-linux-gnu/7/:/usr/lib/gcc/x86_64-linux-gnu/7/../../../x86_64-linux-gnu/:/usr/lib/gcc/x86_64-linux-gnu/7/../../../../lib/:/lib/x86_64-linux-gnu/:/lib/../lib/:/usr/lib/x86_64-linux-gnu/:/usr/lib/../lib/:/usr/lib/gcc/x86_64-linux-gnu/7/../../../:/lib/:/usr/lib/
COLLECT_GCC_OPTIONS='-v' '-rdynamic' '-o' 'cmTC_16edb' '-shared-libgcc' '-mtune=generic' '-march=x86-64'
 /usr/lib/gcc/x86_64-linux-gnu/7/collect2 -plugin /usr/lib/gcc/x86_64-linux-gnu/7/liblto_plugin.so -plugin-opt=/usr/lib/gcc/x86_64-linux-gnu/7/lto-wrapper -plugin-opt=-fresolution=/tmp/ccx9WmSw.res -plugin-opt=-pass-through=-lgcc_s -plugin-opt=-pass-through=-lgcc -plugin-opt=-pass-through=-lc -plugin-opt=-pass-through=-lgcc_s -plugin-opt=-pass-through=-lgcc --build-id --eh-frame-hdr -m elf_x86_64 --hash-style=gnu --as-needed -export-dynamic -dynamic-linker /lib64/ld-linux-x86-64.so.2 -pie -z now -z relro -o cmTC_16edb /usr/lib/gcc/x86_64-linux-gnu/7/../../../x86_64-linux-gnu/Scrt1.o /usr/lib/gcc/x86_64-linux-gnu/7/../../../x86_64-linux-gnu/crti.o /usr/lib/gcc/x86_64-linux-gnu/7/crtbeginS.o -L/usr/lib/gcc/x86_64-linux-gnu/7 -L/usr/lib/gcc/x86_64-linux-gnu/7/../../../x86_64-linux-gnu -L/usr/lib/gcc/x86_64-linux-gnu/7/../../../../lib -L/lib/x86_64-linux-gnu -L/lib/../lib -L/usr/lib/x86_64-linux-gnu -L/usr/lib/../lib -L/usr/lib/gcc/x86_64-linux-gnu/7/../../.. CMakeFiles/cmTC_16edb.dir/CMakeCXXCompilerABI.cpp.o -lstdc++ -lm -lgcc_s -lgcc -lc -lgcc_s -lgcc /usr/lib/gcc/x86_64-linux-gnu/7/crtendS.o /usr/lib/gcc/x86_64-linux-gnu/7/../../../x86_64-linux-gnu/crtn.o
COLLECT_GCC_OPTIONS='-v' '-rdynamic' '-o' 'cmTC_16edb' '-shared-libgcc' '-mtune=generic' '-march=x86-64'
make[1]: Leaving directory '/home/jasper/ardupilot_gazebo/build/CMakeFiles/CMakeTmp'


Parsed CXX implicit link information from above output:
  link line regex: [^( *|.*[/\])(ld|CMAKE_LINK_STARTFILE-NOTFOUND|([^/\]+-)?ld|collect2)[^/\]*( |$)]
  ignore line: [Change Dir: /home/jasper/ardupilot_gazebo/build/CMakeFiles/CMakeTmp]
  ignore line: []
  ignore line: [Run Build Command:"/usr/bin/make" "cmTC_16edb/fast"]
  ignore line: [/usr/bin/make -f CMakeFiles/cmTC_16edb.dir/build.make CMakeFiles/cmTC_16edb.dir/build]
  ignore line: [make[1]: Entering directory '/home/jasper/ardupilot_gazebo/build/CMakeFiles/CMakeTmp']
  ignore line: [Building CXX object CMakeFiles/cmTC_16edb.dir/CMakeCXXCompilerABI.cpp.o]
  ignore line: [/usr/bin/c++     -o CMakeFiles/cmTC_16edb.dir/CMakeCXXCompilerABI.cpp.o -c /usr/share/cmake-3.10/Modules/CMakeCXXCompilerABI.cpp]
  ignore line: [Linking CXX executable cmTC_16edb]
  ignore line: [/usr/bin/cmake -E cmake_link_script CMakeFiles/cmTC_16edb.dir/link.txt --verbose=1]
  ignore line: [/usr/bin/c++      -v -rdynamic CMakeFiles/cmTC_16edb.dir/CMakeCXXCompilerABI.cpp.o  -o cmTC_16edb ]
  ignore line: [Using built-in specs.]
  ignore line: [COLLECT_GCC=/usr/bin/c++]
  ignore line: [COLLECT_LTO_WRAPPER=/usr/lib/gcc/x86_64-linux-gnu/7/lto-wrapper]
  ignore line: [OFFLOAD_TARGET_NAMES=nvptx-none]
  ignore line: [OFFLOAD_TARGET_DEFAULT=1]
  ignore line: [Target: x86_64-linux-gnu]
  ignore line: [Configured with: ../src/configure -v --with-pkgversion='Ubuntu 7.5.0-3ubuntu1~18.04' --with-bugurl=file:///usr/share/doc/gcc-7/README.Bugs --enable-languages=c,ada,c++,go,brig,d,fortran,objc,obj-c++ --prefix=/usr --with-gcc-major-version-only --program-suffix=-7 --program-prefix=x86_64-linux-gnu- --enable-shared --enable-linker-build-id --libexecdir=/usr/lib --without-included-gettext --enable-threads=posix --libdir=/usr/lib --enable-nls --enable-bootstrap --enable-clocale=gnu --enable-libstdcxx-debug --enable-libstdcxx-time=yes --with-default-libstdcxx-abi=new --enable-gnu-unique-object --disable-vtable-verify --enable-libmpx --enable-plugin --enable-default-pie --with-system-zlib --with-target-system-zlib --enable-objc-gc=auto --enable-multiarch --disable-werror --with-arch-32=i686 --with-abi=m64 --with-multilib-list=m32,m64,mx32 --enable-multilib --with-tune=generic --enable-offload-targets=nvptx-none --without-cuda-driver --enable-checking=release --build=x86_64-linux-gnu --host=x86_64-linux-gnu --target=x86_64-linux-gnu]
  ignore line: [Thread model: posix]
  ignore line: [gcc version 7.5.0 (Ubuntu 7.5.0-3ubuntu1~18.04) ]
  ignore line: [COMPILER_PATH=/usr/lib/gcc/x86_64-linux-gnu/7/:/usr/lib/gcc/x86_64-linux-gnu/7/:/usr/lib/gcc/x86_64-linux-gnu/:/usr/lib/gcc/x86_64-linux-gnu/7/:/usr/lib/gcc/x86_64-linux-gnu/]
  ignore line: [LIBRARY_PATH=/usr/lib/gcc/x86_64-linux-gnu/7/:/usr/lib/gcc/x86_64-linux-gnu/7/../../../x86_64-linux-gnu/:/usr/lib/gcc/x86_64-linux-gnu/7/../../../../lib/:/lib/x86_64-linux-gnu/:/lib/../lib/:/usr/lib/x86_64-linux-gnu/:/usr/lib/../lib/:/usr/lib/gcc/x86_64-linux-gnu/7/../../../:/lib/:/usr/lib/]
  ignore line: [COLLECT_GCC_OPTIONS='-v' '-rdynamic' '-o' 'cmTC_16edb' '-shared-libgcc' '-mtune=generic' '-march=x86-64']
  link line: [ /usr/lib/gcc/x86_64-linux-gnu/7/collect2 -plugin /usr/lib/gcc/x86_64-linux-gnu/7/liblto_plugin.so -plugin-opt=/usr/lib/gcc/x86_64-linux-gnu/7/lto-wrapper -plugin-opt=-fresolution=/tmp/ccx9WmSw.res -plugin-opt=-pass-through=-lgcc_s -plugin-opt=-pass-through=-lgcc -plugin-opt=-pass-through=-lc -plugin-opt=-pass-through=-lgcc_s -plugin-opt=-pass-through=-lgcc --build-id --eh-frame-hdr -m elf_x86_64 --hash-style=gnu --as-needed -export-dynamic -dynamic-linker /lib64/ld-linux-x86-64.so.2 -pie -z now -z relro -o cmTC_16edb /usr/lib/gcc/x86_64-linux-gnu/7/../../../x86_64-linux-gnu/Scrt1.o /usr/lib/gcc/x86_64-linux-gnu/7/../../../x86_64-linux-gnu/crti.o /usr/lib/gcc/x86_64-linux-gnu/7/crtbeginS.o -L/usr/lib/gcc/x86_64-linux-gnu/7 -L/usr/lib/gcc/x86_64-linux-gnu/7/../../../x86_64-linux-gnu -L/usr/lib/gcc/x86_64-linux-gnu/7/../../../../lib -L/lib/x86_64-linux-gnu -L/lib/../lib -L/usr/lib/x86_64-linux-gnu -L/usr/lib/../lib -L/usr/lib/gcc/x86_64-linux-gnu/7/../../.. CMakeFiles/cmTC_16edb.dir/CMakeCXXCompilerABI.cpp.o -lstdc++ -lm -lgcc_s -lgcc -lc -lgcc_s -lgcc /usr/lib/gcc/x86_64-linux-gnu/7/crtendS.o /usr/lib/gcc/x86_64-linux-gnu/7/../../../x86_64-linux-gnu/crtn.o]
    arg [/usr/lib/gcc/x86_64-linux-gnu/7/collect2] ==> ignore
    arg [-plugin] ==> ignore
    arg [/usr/lib/gcc/x86_64-linux-gnu/7/liblto_plugin.so] ==> ignore
    arg [-plugin-opt=/usr/lib/gcc/x86_64-linux-gnu/7/lto-wrapper] ==> ignore
    arg [-plugin-opt=-fresolution=/tmp/ccx9WmSw.res] ==> ignore
    arg [-plugin-opt=-pass-through=-lgcc_s] ==> ignore
    arg [-plugin-opt=-pass-through=-lgcc] ==> ignore
    arg [-plugin-opt=-pass-through=-lc] ==> ignore
    arg [-plugin-opt=-pass-through=-lgcc_s] ==> ignore
    arg [-plugin-opt=-pass-through=-lgcc] ==> ignore
    arg [--build-id] ==> ignore
    arg [--eh-frame-hdr] ==> ignore
    arg [-m] ==> ignore
    arg [elf_x86_64] ==> ignore
    arg [--hash-style=gnu] ==> ignore
    arg [--as-needed] ==> ignore
    arg [-export-dynamic] ==> ignore
    arg [-dynamic-linker] ==> ignore
    arg [/lib64/ld-linux-x86-64.so.2] ==> ignore
    arg [-pie] ==> ignore
    arg [-znow] ==> ignore
    arg [-zrelro] ==> ignore
    arg [-o] ==> ignore
    arg [cmTC_16edb] ==> ignore
    arg [/usr/lib/gcc/x86_64-linux-gnu/7/../../../x86_64-linux-gnu/Scrt1.o] ==> ignore
    arg [/usr/lib/gcc/x86_64-linux-gnu/7/../../../x86_64-linux-gnu/crti.o] ==> ignore
    arg [/usr/lib/gcc/x86_64-linux-gnu/7/crtbeginS.o] ==> ignore
    arg [-L/usr/lib/gcc/x86_64-linux-gnu/7] ==> dir [/usr/lib/gcc/x86_64-linux-gnu/7]
    arg [-L/usr/lib/gcc/x86_64-linux-gnu/7/../../../x86_64-linux-gnu] ==> dir [/usr/lib/gcc/x86_64-linux-gnu/7/../../../x86_64-linux-gnu]
    arg [-L/usr/lib/gcc/x86_64-linux-gnu/7/../../../../lib] ==> dir [/usr/lib/gcc/x86_64-linux-gnu/7/../../../../lib]
    arg [-L/lib/x86_64-linux-gnu] ==> dir [/lib/x86_64-linux-gnu]
    arg [-L/lib/../lib] ==> dir [/lib/../lib]
    arg [-L/usr/lib/x86_64-linux-gnu] ==> dir [/usr/lib/x86_64-linux-gnu]
    arg [-L/usr/lib/../lib] ==> dir [/usr/lib/../lib]
    arg [-L/usr/lib/gcc/x86_64-linux-gnu/7/../../..] ==> dir [/usr/lib/gcc/x86_64-linux-gnu/7/../../..]
    arg [CMakeFiles/cmTC_16edb.dir/CMakeCXXCompilerABI.cpp.o] ==> ignore
    arg [-lstdc++] ==> lib [stdc++]
    arg [-lm] ==> lib [m]
    arg [-lgcc_s] ==> lib [gcc_s]
    arg [-lgcc] ==> lib [gcc]
    arg [-lc] ==> lib [c]
    arg [-lgcc_s] ==> lib [gcc_s]
    arg [-lgcc] ==> lib [gcc]
    arg [/usr/lib/gcc/x86_64-linux-gnu/7/crtendS.o] ==> ignore
    arg [/usr/lib/gcc/x86_64-linux-gnu/7/../../../x86_64-linux-gnu/crtn.o] ==> ignore
  collapse library dir [/usr/lib/gcc/x86_64-linux-gnu/7] ==> [/usr/lib/gcc/x86_64-linux-gnu/7]
  collapse library dir [/usr/lib/gcc/x86_64-linux-gnu/7/../../../x86_64-linux-gnu] ==> [/usr/lib/x86_64-linux-gnu]
  collapse library dir [/usr/lib/gcc/x86_64-linux-gnu/7/../../../../lib] ==> [/usr/lib]
  collapse library dir [/lib/x86_64-linux-gnu] ==> [/lib/x86_64-linux-gnu]
  collapse library dir [/lib/../lib] ==> [/lib]
  collapse library dir [/usr/lib/x86_64-linux-gnu] ==> [/usr/lib/x86_64-linux-gnu]
  collapse library dir [/usr/lib/../lib] ==> [/usr/lib]
  collapse library dir [/usr/lib/gcc/x86_64-linux-gnu/7/../../..] ==> [/usr/lib]
  implicit libs: [stdc++;m;gcc_s;gcc;c;gcc_s;gcc]
  implicit dirs: [/usr/lib/gcc/x86_64-linux-gnu/7;/usr/lib/x86_64-linux-gnu;/usr/lib;/lib/x86_64-linux-gnu;/lib]
  implicit fwks: []




Detecting CXX [-std=c++1z] compiler features compiled with the following output:
Change Dir: /home/jasper/ardupilot_gazebo/build/CMakeFiles/CMakeTmp

Run Build Command:"/usr/bin/make" "cmTC_a0a8c/fast"
/usr/bin/make -f CMakeFiles/cmTC_a0a8c.dir/build.make CMakeFiles/cmTC_a0a8c.dir/build
make[1]: Entering directory '/home/jasper/ardupilot_gazebo/build/CMakeFiles/CMakeTmp'
Building CXX object CMakeFiles/cmTC_a0a8c.dir/feature_tests.cxx.o
/usr/bin/c++    -std=c++1z -o CMakeFiles/cmTC_a0a8c.dir/feature_tests.cxx.o -c /home/jasper/ardupilot_gazebo/build/CMakeFiles/feature_tests.cxx
Linking CXX executable cmTC_a0a8c
/usr/bin/cmake -E cmake_link_script CMakeFiles/cmTC_a0a8c.dir/link.txt --verbose=1
/usr/bin/c++       -rdynamic CMakeFiles/cmTC_a0a8c.dir/feature_tests.cxx.o  -o cmTC_a0a8c 
make[1]: Leaving directory '/home/jasper/ardupilot_gazebo/build/CMakeFiles/CMakeTmp'


    Feature record: CXX_FEATURE:1cxx_aggregate_default_initializers
    Feature record: CXX_FEATURE:1cxx_alias_templates
    Feature record: CXX_FEATURE:1cxx_alignas
    Feature record: CXX_FEATURE:1cxx_alignof
    Feature record: CXX_FEATURE:1cxx_attributes
    Feature record: CXX_FEATURE:1cxx_attribute_deprecated
    Feature record: CXX_FEATURE:1cxx_auto_type
    Feature record: CXX_FEATURE:1cxx_binary_literals
    Feature record: CXX_FEATURE:1cxx_constexpr
    Feature record: CXX_FEATURE:1cxx_contextual_conversions
    Feature record: CXX_FEATURE:1cxx_decltype
    Feature record: CXX_FEATURE:1cxx_decltype_auto
    Feature record: CXX_FEATURE:1cxx_decltype_incomplete_return_types
    Feature record: CXX_FEATURE:1cxx_default_function_template_args
    Feature record: CXX_FEATURE:1cxx_defaulted_functions
    Feature record: CXX_FEATURE:1cxx_defaulted_move_initializers
    Feature record: CXX_FEATURE:1cxx_delegating_constructors
    Feature record: CXX_FEATURE:1cxx_deleted_functions
    Feature record: CXX_FEATURE:1cxx_digit_separators
    Feature record: CXX_FEATURE:1cxx_enum_forward_declarations
    Feature record: CXX_FEATURE:1cxx_explicit_conversions
    Feature record: CXX_FEATURE:1cxx_extended_friend_declarations
    Feature record: CXX_FEATURE:1cxx_extern_templates
    Feature record: CXX_FEATURE:1cxx_final
    Feature record: CXX_FEATURE:1cxx_func_identifier
    Feature record: CXX_FEATURE:1cxx_generalized_initializers
    Feature record: CXX_FEATURE:1cxx_generic_lambdas
    Feature record: CXX_FEATURE:1cxx_inheriting_constructors
    Feature record: CXX_FEATURE:1cxx_inline_namespaces
    Feature record: CXX_FEATURE:1cxx_lambdas
    Feature record: CXX_FEATURE:1cxx_lambda_init_captures
    Feature record: CXX_FEATURE:1cxx_local_type_template_args
    Feature record: CXX_FEATURE:1cxx_long_long_type
    Feature record: CXX_FEATURE:1cxx_noexcept
    Feature record: CXX_FEATURE:1cxx_nonstatic_member_init
    Feature record: CXX_FEATURE:1cxx_nullptr
    Feature record: CXX_FEATURE:1cxx_override
    Feature record: CXX_FEATURE:1cxx_range_for
    Feature record: CXX_FEATURE:1cxx_raw_string_literals
    Feature record: CXX_FEATURE:1cxx_reference_qualified_functions
    Feature record: CXX_FEATURE:1cxx_relaxed_constexpr
    Feature record: CXX_FEATURE:1cxx_return_type_deduction
    Feature record: CXX_FEATURE:1cxx_right_angle_brackets
    Feature record: CXX_FEATURE:1cxx_rvalue_references
    Feature record: CXX_FEATURE:1cxx_sizeof_member
    Feature record: CXX_FEATURE:1cxx_static_assert
    Feature record: CXX_FEATURE:1cxx_strong_enums
    Feature record: CXX_FEATURE:1cxx_template_template_parameters
    Feature record: CXX_FEATURE:1cxx_thread_local
    Feature record: CXX_FEATURE:1cxx_trailing_return_types
    Feature record: CXX_FEATURE:1cxx_unicode_literals
    Feature record: CXX_FEATURE:1cxx_uniform_initialization
    Feature record: CXX_FEATURE:1cxx_unrestricted_unions
    Feature record: CXX_FEATURE:1cxx_user_literals
    Feature record: CXX_FEATURE:1cxx_variable_templates
    Feature record: CXX_FEATURE:1cxx_variadic_macros
    Feature record: CXX_FEATURE:1cxx_variadic_templates


Detecting CXX [-std=c++14] compiler features compiled with the following output:
Change Dir: /home/jasper/ardupilot_gazebo/build/CMakeFiles/CMakeTmp

Run Build Command:"/usr/bin/make" "cmTC_17d4c/fast"
/usr/bin/make -f CMakeFiles/cmTC_17d4c.dir/build.make CMakeFiles/cmTC_17d4c.dir/build
make[1]: Entering directory '/home/jasper/ardupilot_gazebo/build/CMakeFiles/CMakeTmp'
Building CXX object CMakeFiles/cmTC_17d4c.dir/feature_tests.cxx.o
/usr/bin/c++    -std=c++14 -o CMakeFiles/cmTC_17d4c.dir/feature_tests.cxx.o -c /home/jasper/ardupilot_gazebo/build/CMakeFiles/feature_tests.cxx
Linking CXX executable cmTC_17d4c
/usr/bin/cmake -E cmake_link_script CMakeFiles/cmTC_17d4c.dir/link.txt --verbose=1
/usr/bin/c++       -rdynamic CMakeFiles/cmTC_17d4c.dir/feature_tests.cxx.o  -o cmTC_17d4c 
make[1]: Leaving directory '/home/jasper/ardupilot_gazebo/build/CMakeFiles/CMakeTmp'


    Feature record: CXX_FEATURE:1cxx_aggregate_default_initializers
    Feature record: CXX_FEATURE:1cxx_alias_templates
    Feature record: CXX_FEATURE:1cxx_alignas
    Feature record: CXX_FEATURE:1cxx_alignof
    Feature record: CXX_FEATURE:1cxx_attributes
    Feature record: CXX_FEATURE:1cxx_attribute_deprecated
    Feature record: CXX_FEATURE:1cxx_auto_type
    Feature record: CXX_FEATURE:1cxx_binary_literals
    Feature record: CXX_FEATURE:1cxx_constexpr
    Feature record: CXX_FEATURE:1cxx_contextual_conversions
    Feature record: CXX_FEATURE:1cxx_decltype
    Feature record: CXX_FEATURE:1cxx_decltype_auto
    Feature record: CXX_FEATURE:1cxx_decltype_incomplete_return_types
    Feature record: CXX_FEATURE:1cxx_default_function_template_args
    Feature record: CXX_FEATURE:1cxx_defaulted_functions
    Feature record: CXX_FEATURE:1cxx_defaulted_move_initializers
    Feature record: CXX_FEATURE:1cxx_delegating_constructors
    Feature record: CXX_FEATURE:1cxx_deleted_functions
    Feature record: CXX_FEATURE:1cxx_digit_separators
    Feature record: CXX_FEATURE:1cxx_enum_forward_declarations
    Feature record: CXX_FEATURE:1cxx_explicit_conversions
    Feature record: CXX_FEATURE:1cxx_extended_friend_declarations
    Feature record: CXX_FEATURE:1cxx_extern_templates
    Feature record: CXX_FEATURE:1cxx_final
    Feature record: CXX_FEATURE:1cxx_func_identifier
    Feature record: CXX_FEATURE:1cxx_generalized_initializers
    Feature record: CXX_FEATURE:1cxx_generic_lambdas
    Feature record: CXX_FEATURE:1cxx_inheriting_constructors
    Feature record: CXX_FEATURE:1cxx_inline_namespaces
    Feature record: CXX_FEATURE:1cxx_lambdas
    Feature record: CXX_FEATURE:1cxx_lambda_init_captures
    Feature record: CXX_FEATURE:1cxx_local_type_template_args
    Feature record: CXX_FEATURE:1cxx_long_long_type
    Feature record: CXX_FEATURE:1cxx_noexcept
    Feature record: CXX_FEATURE:1cxx_nonstatic_member_init
    Feature record: CXX_FEATURE:1cxx_nullptr
    Feature record: CXX_FEATURE:1cxx_override
    Feature record: CXX_FEATURE:1cxx_range_for
    Feature record: CXX_FEATURE:1cxx_raw_string_literals
    Feature record: CXX_FEATURE:1cxx_reference_qualified_functions
    Feature record: CXX_FEATURE:1cxx_relaxed_constexpr
    Feature record: CXX_FEATURE:1cxx_return_type_deduction
    Feature record: CXX_FEATURE:1cxx_right_angle_brackets
    Feature record: CXX_FEATURE:1cxx_rvalue_references
    Feature record: CXX_FEATURE:1cxx_sizeof_member
    Feature record: CXX_FEATURE:1cxx_static_assert
    Feature record: CXX_FEATURE:1cxx_strong_enums
    Feature record: CXX_FEATURE:1cxx_template_template_parameters
    Feature record: CXX_FEATURE:1cxx_thread_local
    Feature record: CXX_FEATURE:1cxx_trailing_return_types
    Feature record: CXX_FEATURE:1cxx_unicode_literals
    Feature record: CXX_FEATURE:1cxx_uniform_initialization
    Feature record: CXX_FEATURE:1cxx_unrestricted_unions
    Feature record: CXX_FEATURE:1cxx_user_literals
    Feature record: CXX_FEATURE:1cxx_variable_templates
    Feature record: CXX_FEATURE:1cxx_variadic_macros
    Feature record: CXX_FEATURE:1cxx_variadic_templates


Detecting CXX [-std=c++11] compiler features compiled with the following output:
Change Dir: /home/jasper/ardupilot_gazebo/build/CMakeFiles/CMakeTmp

Run Build Command:"/usr/bin/make" "cmTC_6cdd8/fast"
/usr/bin/make -f CMakeFiles/cmTC_6cdd8.dir/build.make CMakeFiles/cmTC_6cdd8.dir/build
make[1]: Entering directory '/home/jasper/ardupilot_gazebo/build/CMakeFiles/CMakeTmp'
Building CXX object CMakeFiles/cmTC_6cdd8.dir/feature_tests.cxx.o
/usr/bin/c++    -std=c++11 -o CMakeFiles/cmTC_6cdd8.dir/feature_tests.cxx.o -c /home/jasper/ardupilot_gazebo/build/CMakeFiles/feature_tests.cxx
Linking CXX executable cmTC_6cdd8
/usr/bin/cmake -E cmake_link_script CMakeFiles/cmTC_6cdd8.dir/link.txt --verbose=1
/usr/bin/c++       -rdynamic CMakeFiles/cmTC_6cdd8.dir/feature_tests.cxx.o  -o cmTC_6cdd8 
make[1]: Leaving directory '/home/jasper/ardupilot_gazebo/build/CMakeFiles/CMakeTmp'


    Feature record: CXX_FEATURE:0cxx_aggregate_default_initializers
    Feature record: CXX_FEATURE:1cxx_alias_templates
    Feature record: CXX_FEATURE:1cxx_alignas
    Feature record: CXX_FEATURE:1cxx_alignof
    Feature record: CXX_FEATURE:1cxx_attributes
    Feature record: CXX_FEATURE:0cxx_attribute_deprecated
    Feature record: CXX_FEATURE:1cxx_auto_type
    Feature record: CXX_FEATURE:0cxx_binary_literals
    Feature record: CXX_FEATURE:1cxx_constexpr
    Feature record: CXX_FEATURE:0cxx_contextual_conversions
    Feature record: CXX_FEATURE:1cxx_decltype
    Feature record: CXX_FEATURE:0cxx_decltype_auto
    Feature record: CXX_FEATURE:1cxx_decltype_incomplete_return_types
    Feature record: CXX_FEATURE:1cxx_default_function_template_args
    Feature record: CXX_FEATURE:1cxx_defaulted_functions
    Feature record: CXX_FEATURE:1cxx_defaulted_move_initializers
    Feature record: CXX_FEATURE:1cxx_delegating_constructors
    Feature record: CXX_FEATURE:1cxx_deleted_functions
    Feature record: CXX_FEATURE:0cxx_digit_separators
    Feature record: CXX_FEATURE:1cxx_enum_forward_declarations
    Feature record: CXX_FEATURE:1cxx_explicit_conversions
    Feature record: CXX_FEATURE:1cxx_extended_friend_declarations
    Feature record: CXX_FEATURE:1cxx_extern_templates
    Feature record: CXX_FEATURE:1cxx_final
    Feature record: CXX_FEATURE:1cxx_func_identifier
    Feature record: CXX_FEATURE:1cxx_generalized_initializers
    Feature record: CXX_FEATURE:0cxx_generic_lambdas
    Feature record: CXX_FEATURE:1cxx_inheriting_constructors
    Feature record: CXX_FEATURE:1cxx_inline_namespaces
    Feature record: CXX_FEATURE:1cxx_lambdas
    Feature record: CXX_FEATURE:0cxx_lambda_init_captures
    Feature record: CXX_FEATURE:1cxx_local_type_template_args
    Feature record: CXX_FEATURE:1cxx_long_long_type
    Feature record: CXX_FEATURE:1cxx_noexcept
    Feature record: CXX_FEATURE:1cxx_nonstatic_member_init
    Feature record: CXX_FEATURE:1cxx_nullptr
    Feature record: CXX_FEATURE:1cxx_override
    Feature record: CXX_FEATURE:1cxx_range_for
    Feature record: CXX_FEATURE:1cxx_raw_string_literals
    Feature record: CXX_FEATURE:1cxx_reference_qualified_functions
    Feature record: CXX_FEATURE:0cxx_relaxed_constexpr
    Feature record: CXX_FEATURE:0cxx_return_type_deduction
    Feature record: CXX_FEATURE:1cxx_right_angle_brackets
    Feature record: CXX_FEATURE:1cxx_rvalue_references
    Feature record: CXX_FEATURE:1cxx_sizeof_member
    Feature record: CXX_FEATURE:1cxx_static_assert
    Feature record: CXX_FEATURE:1cxx_strong_enums
    Feature record: CXX_FEATURE:1cxx_template_template_parameters
    Feature record: CXX_FEATURE:1cxx_thread_local
    Feature record: CXX_FEATURE:1cxx_trailing_return_types
    Feature record: CXX_FEATURE:1cxx_unicode_literals
    Feature record: CXX_FEATURE:1cxx_uniform_initialization
    Feature record: CXX_FEATURE:1cxx_unrestricted_unions
    Feature record: CXX_FEATURE:1cxx_user_literals
    Feature record: CXX_FEATURE:0cxx_variable_templates
    Feature record: CXX_FEATURE:1cxx_variadic_macros
    Feature record: CXX_FEATURE:1cxx_variadic_templates


Detecting CXX [-std=c++98] compiler features compiled with the following output:
Change Dir: /home/jasper/ardupilot_gazebo/build/CMakeFiles/CMakeTmp

Run Build Command:"/usr/bin/make" "cmTC_bf64d/fast"
/usr/bin/make -f CMakeFiles/cmTC_bf64d.dir/build.make CMakeFiles/cmTC_bf64d.dir/build
make[1]: Entering directory '/home/jasper/ardupilot_gazebo/build/CMakeFiles/CMakeTmp'
Building CXX object CMakeFiles/cmTC_bf64d.dir/feature_tests.cxx.o
/usr/bin/c++    -std=c++98 -o CMakeFiles/cmTC_bf64d.dir/feature_tests.cxx.o -c /home/jasper/ardupilot_gazebo/build/CMakeFiles/feature_tests.cxx
Linking CXX executable cmTC_bf64d
/usr/bin/cmake -E cmake_link_script CMakeFiles/cmTC_bf64d.dir/link.txt --verbose=1
/usr/bin/c++       -rdynamic CMakeFiles/cmTC_bf64d.dir/feature_tests.cxx.o  -o cmTC_bf64d 
make[1]: Leaving directory '/home/jasper/ardupilot_gazebo/build/CMakeFiles/CMakeTmp'


    Feature record: CXX_FEATURE:0cxx_aggregate_default_initializers
    Feature record: CXX_FEATURE:0cxx_alias_templates
    Feature record: CXX_FEATURE:0cxx_alignas
    Feature record: CXX_FEATURE:0cxx_alignof
    Feature record: CXX_FEATURE:0cxx_attributes
    Feature record: CXX_FEATURE:0cxx_attribute_deprecated
    Feature record: CXX_FEATURE:0cxx_auto_type
    Feature record: CXX_FEATURE:0cxx_binary_literals
    Feature record: CXX_FEATURE:0cxx_constexpr
    Feature record: CXX_FEATURE:0cxx_contextual_conversions
    Feature record: CXX_FEATURE:0cxx_decltype
    Feature record: CXX_FEATURE:0cxx_decltype_auto
    Feature record: CXX_FEATURE:0cxx_decltype_incomplete_return_types
    Feature record: CXX_FEATURE:0cxx_default_function_template_args
    Feature record: CXX_FEATURE:0cxx_defaulted_functions
    Feature record: CXX_FEATURE:0cxx_defaulted_move_initializers
    Feature record: CXX_FEATURE:0cxx_delegating_constructors
    Feature record: CXX_FEATURE:0cxx_deleted_functions
    Feature record: CXX_FEATURE:0cxx_digit_separators
    Feature record: CXX_FEATURE:0cxx_enum_forward_declarations
    Feature record: CXX_FEATURE:0cxx_explicit_conversions
    Feature record: CXX_FEATURE:0cxx_extended_friend_declarations
    Feature record: CXX_FEATURE:0cxx_extern_templates
    Feature record: CXX_FEATURE:0cxx_final
    Feature record: CXX_FEATURE:0cxx_func_identifier
    Feature record: CXX_FEATURE:0cxx_generalized_initializers
    Feature record: CXX_FEATURE:0cxx_generic_lambdas
    Feature record: CXX_FEATURE:0cxx_inheriting_constructors
    Feature record: CXX_FEATURE:0cxx_inline_namespaces
    Feature record: CXX_FEATURE:0cxx_lambdas
    Feature record: CXX_FEATURE:0cxx_lambda_init_captures
    Feature record: CXX_FEATURE:0cxx_local_type_template_args
    Feature record: CXX_FEATURE:0cxx_long_long_type
    Feature record: CXX_FEATURE:0cxx_noexcept
    Feature record: CXX_FEATURE:0cxx_nonstatic_member_init
    Feature record: CXX_FEATURE:0cxx_nullptr
    Feature record: CXX_FEATURE:0cxx_override
    Feature record: CXX_FEATURE:0cxx_range_for
    Feature record: CXX_FEATURE:0cxx_raw_string_literals
    Feature record: CXX_FEATURE:0cxx_reference_qualified_functions
    Feature record: CXX_FEATURE:0cxx_relaxed_constexpr
    Feature record: CXX_FEATURE:0cxx_return_type_deduction
    Feature record: CXX_FEATURE:0cxx_right_angle_brackets
    Feature record: CXX_FEATURE:0cxx_rvalue_references
    Feature record: CXX_FEATURE:0cxx_sizeof_member
    Feature record: CXX_FEATURE:0cxx_static_assert
    Feature record: CXX_FEATURE:0cxx_strong_enums
    Feature record: CXX_FEATURE:1cxx_template_template_parameters
    Feature record: CXX_FEATURE:0cxx_thread_local
    Feature record: CXX_FEATURE:0cxx_trailing_return_types
    Feature record: CXX_FEATURE:0cxx_unicode_literals
    Feature record: CXX_FEATURE:0cxx_uniform_initialization
    Feature record: CXX_FEATURE:0cxx_unrestricted_unions
    Feature record: CXX_FEATURE:0cxx_user_literals
    Feature record: CXX_FEATURE:0cxx_variable_templates
    Feature record: CXX_FEATURE:0cxx_variadic_macros
    Feature record: CXX_FEATURE:0cxx_variadic_templates
Determining if the include file pthread.h exists passed with the following output:
Change Dir: /home/jasper/ardupilot_gazebo/build/CMakeFiles/CMakeTmp

Run Build Command:"/usr/bin/make" "cmTC_55a50/fast"
/usr/bin/make -f CMakeFiles/cmTC_55a50.dir/build.make CMakeFiles/cmTC_55a50.dir/build
make[1]: Entering directory '/home/jasper/ardupilot_gazebo/build/CMakeFiles/CMakeTmp'
Building C object CMakeFiles/cmTC_55a50.dir/CheckIncludeFile.c.o
/usr/bin/cc    -o CMakeFiles/cmTC_55a50.dir/CheckIncludeFile.c.o   -c /home/jasper/ardupilot_gazebo/build/CMakeFiles/CMakeTmp/CheckIncludeFile.c
Linking C executable cmTC_55a50
/usr/bin/cmake -E cmake_link_script CMakeFiles/cmTC_55a50.dir/link.txt --verbose=1
/usr/bin/cc      -rdynamic CMakeFiles/cmTC_55a50.dir/CheckIncludeFile.c.o  -o cmTC_55a50 
make[1]: Leaving directory '/home/jasper/ardupilot_gazebo/build/CMakeFiles/CMakeTmp'


Determining if the function pthread_create exists in the pthread passed with the following output:
Change Dir: /home/jasper/ardupilot_gazebo/build/CMakeFiles/CMakeTmp

Run Build Command:"/usr/bin/make" "cmTC_71594/fast"
/usr/bin/make -f CMakeFiles/cmTC_71594.dir/build.make CMakeFiles/cmTC_71594.dir/build
make[1]: Entering directory '/home/jasper/ardupilot_gazebo/build/CMakeFiles/CMakeTmp'
Building C object CMakeFiles/cmTC_71594.dir/CheckFunctionExists.c.o
/usr/bin/cc   -DCHECK_FUNCTION_EXISTS=pthread_create   -o CMakeFiles/cmTC_71594.dir/CheckFunctionExists.c.o   -c /usr/share/cmake-3.10/Modules/CheckFunctionExists.c
Linking C executable cmTC_71594
/usr/bin/cmake -E cmake_link_script CMakeFiles/cmTC_71594.dir/link.txt --verbose=1
/usr/bin/cc  -DCHECK_FUNCTION_EXISTS=pthread_create    -rdynamic CMakeFiles/cmTC_71594.dir/CheckFunctionExists.c.o  -o cmTC_71594 -lpthread 
make[1]: Leaving directory '/home/jasper/ardupilot_gazebo/build/CMakeFiles/CMakeTmp'


Performing C++ SOURCE FILE Test R-Wall succeeded with the following output:
Change Dir: /home/jasper/ardupilot_gazebo/build/CMakeFiles/CMakeTmp

Run Build Command:"/usr/bin/make" "cmTC_67d8d/fast"
/usr/bin/make -f CMakeFiles/cmTC_67d8d.dir/build.make CMakeFiles/cmTC_67d8d.dir/build
make[1]: Entering directory '/home/jasper/ardupilot_gazebo/build/CMakeFiles/CMakeTmp'
Building CXX object CMakeFiles/cmTC_67d8d.dir/src.cxx.o
/usr/bin/c++    -DR-Wall   -Wall -o CMakeFiles/cmTC_67d8d.dir/src.cxx.o -c /home/jasper/ardupilot_gazebo/build/CMakeFiles/CMakeTmp/src.cxx
<command-line>:0:2: warning: ISO C++11 requires whitespace after the macro name
Linking CXX executable cmTC_67d8d
/usr/bin/cmake -E cmake_link_script CMakeFiles/cmTC_67d8d.dir/link.txt --verbose=1
/usr/bin/c++   -DR-Wall    -rdynamic CMakeFiles/cmTC_67d8d.dir/src.cxx.o  -o cmTC_67d8d 
make[1]: Leaving directory '/home/jasper/ardupilot_gazebo/build/CMakeFiles/CMakeTmp'

Source file was:
int main() { return 0; }
Performing C++ SOURCE FILE Test R-Wextra succeeded with the following output:
Change Dir: /home/jasper/ardupilot_gazebo/build/CMakeFiles/CMakeTmp

Run Build Command:"/usr/bin/make" "cmTC_b57db/fast"
/usr/bin/make -f CMakeFiles/cmTC_b57db.dir/build.make CMakeFiles/cmTC_b57db.dir/build
make[1]: Entering directory '/home/jasper/ardupilot_gazebo/build/CMakeFiles/CMakeTmp'
Building CXX object CMakeFiles/cmTC_b57db.dir/src.cxx.o
/usr/bin/c++    -DR-Wextra   -Wextra -o CMakeFiles/cmTC_b57db.dir/src.cxx.o -c /home/jasper/ardupilot_gazebo/build/CMakeFiles/CMakeTmp/src.cxx
<command-line>:0:2: warning: ISO C++11 requires whitespace after the macro name
Linking CXX executable cmTC_b57db
/usr/bin/cmake -E cmake_link_script CMakeFiles/cmTC_b57db.dir/link.txt --verbose=1
/usr/bin/c++   -DR-Wextra    -rdynamic CMakeFiles/cmTC_b57db.dir/src.cxx.o  -o cmTC_b57db 
make[1]: Leaving directory '/home/jasper/ardupilot_gazebo/build/CMakeFiles/CMakeTmp'

Source file was:
int main() { return 0; }
Performing C++ SOURCE FILE Test R-Wno-long-long succeeded with the following output:
Change Dir: /home/jasper/ardupilot_gazebo/build/CMakeFiles/CMakeTmp

Run Build Command:"/usr/bin/make" "cmTC_21c01/fast"
/usr/bin/make -f CMakeFiles/cmTC_21c01.dir/build.make CMakeFiles/cmTC_21c01.dir/build
make[1]: Entering directory '/home/jasper/ardupilot_gazebo/build/CMakeFiles/CMakeTmp'
Building CXX object CMakeFiles/cmTC_21c01.dir/src.cxx.o
/usr/bin/c++    -DR-Wno-long-long   -Wno-long-long -o CMakeFiles/cmTC_21c01.dir/src.cxx.o -c /home/jasper/ardupilot_gazebo/build/CMakeFiles/CMakeTmp/src.cxx
<command-line>:0:2: warning: ISO C++11 requires whitespace after the macro name
Linking CXX executable cmTC_21c01
/usr/bin/cmake -E cmake_link_script CMakeFiles/cmTC_21c01.dir/link.txt --verbose=1
/usr/bin/c++   -DR-Wno-long-long    -rdynamic CMakeFiles/cmTC_21c01.dir/src.cxx.o  -o cmTC_21c01 
make[1]: Leaving directory '/home/jasper/ardupilot_gazebo/build/CMakeFiles/CMakeTmp'

Source file was:
int main() { return 0; }
Performing C++ SOURCE FILE Test R-Wno-unused-value succeeded with the following output:
Change Dir: /home/jasper/ardupilot_gazebo/build/CMakeFiles/CMakeTmp

Run Build Command:"/usr/bin/make" "cmTC_01ccd/fast"
/usr/bin/make -f CMakeFiles/cmTC_01ccd.dir/build.make CMakeFiles/cmTC_01ccd.dir/build
make[1]: Entering directory '/home/jasper/ardupilot_gazebo/build/CMakeFiles/CMakeTmp'
Building CXX object CMakeFiles/cmTC_01ccd.dir/src.cxx.o
/usr/bin/c++    -DR-Wno-unused-value   -Wno-unused-value -o CMakeFiles/cmTC_01ccd.dir/src.cxx.o -c /home/jasper/ardupilot_gazebo/build/CMakeFiles/CMakeTmp/src.cxx
<command-line>:0:2: warning: ISO C++11 requires whitespace after the macro name
Linking CXX executable cmTC_01ccd
/usr/bin/cmake -E cmake_link_script CMakeFiles/cmTC_01ccd.dir/link.txt --verbose=1
/usr/bin/c++   -DR-Wno-unused-value    -rdynamic CMakeFiles/cmTC_01ccd.dir/src.cxx.o  -o cmTC_01ccd 
make[1]: Leaving directory '/home/jasper/ardupilot_gazebo/build/CMakeFiles/CMakeTmp'

Source file was:
int main() { return 0; }
Performing C++ SOURCE FILE Test R-Wfloat-equal succeeded with the following output:
Change Dir: /home/jasper/ardupilot_gazebo/build/CMakeFiles/CMakeTmp

Run Build Command:"/usr/bin/make" "cmTC_fbd5b/fast"
/usr/bin/make -f CMakeFiles/cmTC_fbd5b.dir/build.make CMakeFiles/cmTC_fbd5b.dir/build
make[1]: Entering directory '/home/jasper/ardupilot_gazebo/build/CMakeFiles/CMakeTmp'
Building CXX object CMakeFiles/cmTC_fbd5b.dir/src.cxx.o
/usr/bin/c++    -DR-Wfloat-equal   -Wfloat-equal -o CMakeFiles/cmTC_fbd5b.dir/src.cxx.o -c /home/jasper/ardupilot_gazebo/build/CMakeFiles/CMakeTmp/src.cxx
<command-line>:0:2: warning: ISO C++11 requires whitespace after the macro name
Linking CXX executable cmTC_fbd5b
/usr/bin/cmake -E cmake_link_script CMakeFiles/cmTC_fbd5b.dir/link.txt --verbose=1
/usr/bin/c++   -DR-Wfloat-equal    -rdynamic CMakeFiles/cmTC_fbd5b.dir/src.cxx.o  -o cmTC_fbd5b 
make[1]: Leaving directory '/home/jasper/ardupilot_gazebo/build/CMakeFiles/CMakeTmp'

Source file was:
int main() { return 0; }
Performing C++ SOURCE FILE Test R-Wshadow succeeded with the following output:
Change Dir: /home/jasper/ardupilot_gazebo/build/CMakeFiles/CMakeTmp

Run Build Command:"/usr/bin/make" "cmTC_2f564/fast"
/usr/bin/make -f CMakeFiles/cmTC_2f564.dir/build.make CMakeFiles/cmTC_2f564.dir/build
make[1]: Entering directory '/home/jasper/ardupilot_gazebo/build/CMakeFiles/CMakeTmp'
Building CXX object CMakeFiles/cmTC_2f564.dir/src.cxx.o
/usr/bin/c++    -DR-Wshadow   -Wshadow -o CMakeFiles/cmTC_2f564.dir/src.cxx.o -c /home/jasper/ardupilot_gazebo/build/CMakeFiles/CMakeTmp/src.cxx
<command-line>:0:2: warning: ISO C++11 requires whitespace after the macro name
Linking CXX executable cmTC_2f564
/usr/bin/cmake -E cmake_link_script CMakeFiles/cmTC_2f564.dir/link.txt --verbose=1
/usr/bin/c++   -DR-Wshadow    -rdynamic CMakeFiles/cmTC_2f564.dir/src.cxx.o  -o cmTC_2f564 
make[1]: Leaving directory '/home/jasper/ardupilot_gazebo/build/CMakeFiles/CMakeTmp'

Source file was:
int main() { return 0; }
Performing C++ SOURCE FILE Test R-Wswitch-default succeeded with the following output:
Change Dir: /home/jasper/ardupilot_gazebo/build/CMakeFiles/CMakeTmp

Run Build Command:"/usr/bin/make" "cmTC_296ba/fast"
/usr/bin/make -f CMakeFiles/cmTC_296ba.dir/build.make CMakeFiles/cmTC_296ba.dir/build
make[1]: Entering directory '/home/jasper/ardupilot_gazebo/build/CMakeFiles/CMakeTmp'
Building CXX object CMakeFiles/cmTC_296ba.dir/src.cxx.o
/usr/bin/c++    -DR-Wswitch-default   -Wswitch-default -o CMakeFiles/cmTC_296ba.dir/src.cxx.o -c /home/jasper/ardupilot_gazebo/build/CMakeFiles/CMakeTmp/src.cxx
<command-line>:0:2: warning: ISO C++11 requires whitespace after the macro name
Linking CXX executable cmTC_296ba
/usr/bin/cmake -E cmake_link_script CMakeFiles/cmTC_296ba.dir/link.txt --verbose=1
/usr/bin/c++   -DR-Wswitch-default    -rdynamic CMakeFiles/cmTC_296ba.dir/src.cxx.o  -o cmTC_296ba 
make[1]: Leaving directory '/home/jasper/ardupilot_gazebo/build/CMakeFiles/CMakeTmp'

Source file was:
int main() { return 0; }
Performing C++ SOURCE FILE Test R-Wmissing-include-dirs succeeded with the following output:
Change Dir: /home/jasper/ardupilot_gazebo/build/CMakeFiles/CMakeTmp

Run Build Command:"/usr/bin/make" "cmTC_882ed/fast"
/usr/bin/make -f CMakeFiles/cmTC_882ed.dir/build.make CMakeFiles/cmTC_882ed.dir/build
make[1]: Entering directory '/home/jasper/ardupilot_gazebo/build/CMakeFiles/CMakeTmp'
Building CXX object CMakeFiles/cmTC_882ed.dir/src.cxx.o
/usr/bin/c++    -DR-Wmissing-include-dirs   -Wmissing-include-dirs -o CMakeFiles/cmTC_882ed.dir/src.cxx.o -c /home/jasper/ardupilot_gazebo/build/CMakeFiles/CMakeTmp/src.cxx
<command-line>:0:2: warning: ISO C++11 requires whitespace after the macro name
Linking CXX executable cmTC_882ed
/usr/bin/cmake -E cmake_link_script CMakeFiles/cmTC_882ed.dir/link.txt --verbose=1
/usr/bin/c++   -DR-Wmissing-include-dirs    -rdynamic CMakeFiles/cmTC_882ed.dir/src.cxx.o  -o cmTC_882ed 
make[1]: Leaving directory '/home/jasper/ardupilot_gazebo/build/CMakeFiles/CMakeTmp'

Source file was:
int main() { return 0; }
Performing C++ SOURCE FILE Test R-pedantic succeeded with the following output:
Change Dir: /home/jasper/ardupilot_gazebo/build/CMakeFiles/CMakeTmp

Run Build Command:"/usr/bin/make" "cmTC_5147c/fast"
/usr/bin/make -f CMakeFiles/cmTC_5147c.dir/build.make CMakeFiles/cmTC_5147c.dir/build
make[1]: Entering directory '/home/jasper/ardupilot_gazebo/build/CMakeFiles/CMakeTmp'
Building CXX object CMakeFiles/cmTC_5147c.dir/src.cxx.o
/usr/bin/c++    -DR-pedantic   -pedantic -o CMakeFiles/cmTC_5147c.dir/src.cxx.o -c /home/jasper/ardupilot_gazebo/build/CMakeFiles/CMakeTmp/src.cxx
<command-line>:0:2: warning: ISO C++11 requires whitespace after the macro name
Linking CXX executable cmTC_5147c
/usr/bin/cmake -E cmake_link_script CMakeFiles/cmTC_5147c.dir/link.txt --verbose=1
/usr/bin/c++   -DR-pedantic    -rdynamic CMakeFiles/cmTC_5147c.dir/src.cxx.o  -o cmTC_5147c 
make[1]: Leaving directory '/home/jasper/ardupilot_gazebo/build/CMakeFiles/CMakeTmp'

Source file was:
int main() { return 0; }
Performing C++ SOURCE FILE Test R-fvisibility=hidden succeeded with the following output:
Change Dir: /home/jasper/ardupilot_gazebo/build/CMakeFiles/CMakeTmp

Run Build Command:"/usr/bin/make" "cmTC_526c7/fast"
/usr/bin/make -f CMakeFiles/cmTC_526c7.dir/build.make CMakeFiles/cmTC_526c7.dir/build
make[1]: Entering directory '/home/jasper/ardupilot_gazebo/build/CMakeFiles/CMakeTmp'
Building CXX object CMakeFiles/cmTC_526c7.dir/src.cxx.o
/usr/bin/c++    -DR-fvisibility=hidden   -fvisibility=hidden -o CMakeFiles/cmTC_526c7.dir/src.cxx.o -c /home/jasper/ardupilot_gazebo/build/CMakeFiles/CMakeTmp/src.cxx
<command-line>:0:2: warning: ISO C++11 requires whitespace after the macro name
Linking CXX executable cmTC_526c7
/usr/bin/cmake -E cmake_link_script CMakeFiles/cmTC_526c7.dir/link.txt --verbose=1
/usr/bin/c++   -DR-fvisibility=hidden    -rdynamic CMakeFiles/cmTC_526c7.dir/src.cxx.o  -o cmTC_526c7 
make[1]: Leaving directory '/home/jasper/ardupilot_gazebo/build/CMakeFiles/CMakeTmp'

Source file was:
int main() { return 0; }
Performing C++ SOURCE FILE Test R-fvisibility-inlines-hidden succeeded with the following output:
Change Dir: /home/jasper/ardupilot_gazebo/build/CMakeFiles/CMakeTmp

Run Build Command:"/usr/bin/make" "cmTC_8a754/fast"
/usr/bin/make -f CMakeFiles/cmTC_8a754.dir/build.make CMakeFiles/cmTC_8a754.dir/build
make[1]: Entering directory '/home/jasper/ardupilot_gazebo/build/CMakeFiles/CMakeTmp'
Building CXX object CMakeFiles/cmTC_8a754.dir/src.cxx.o
/usr/bin/c++    -DR-fvisibility-inlines-hidden   -fvisibility-inlines-hidden -o CMakeFiles/cmTC_8a754.dir/src.cxx.o -c /home/jasper/ardupilot_gazebo/build/CMakeFiles/CMakeTmp/src.cxx
<command-line>:0:2: warning: ISO C++11 requires whitespace after the macro name
Linking CXX executable cmTC_8a754
/usr/bin/cmake -E cmake_link_script CMakeFiles/cmTC_8a754.dir/link.txt --verbose=1
/usr/bin/c++   -DR-fvisibility-inlines-hidden    -rdynamic CMakeFiles/cmTC_8a754.dir/src.cxx.o  -o cmTC_8a754 
make[1]: Leaving directory '/home/jasper/ardupilot_gazebo/build/CMakeFiles/CMakeTmp'

Source file was:
int main() { return 0; }
Performing C++ SOURCE FILE Test R-fvisibility=hidden succeeded with the following output:
Change Dir: /home/jasper/ardupilot_gazebo/build/CMakeFiles/CMakeTmp

Run Build Command:"/usr/bin/make" "cmTC_8ca49/fast"
/usr/bin/make -f CMakeFiles/cmTC_8ca49.dir/build.make CMakeFiles/cmTC_8ca49.dir/build
make[1]: Entering directory '/home/jasper/ardupilot_gazebo/build/CMakeFiles/CMakeTmp'
Building CXX object CMakeFiles/cmTC_8ca49.dir/src.cxx.o
/usr/bin/c++    -DR-fvisibility=hidden   -fvisibility=hidden -o CMakeFiles/cmTC_8ca49.dir/src.cxx.o -c /home/jasper/ardupilot_gazebo/build/CMakeFiles/CMakeTmp/src.cxx
<command-line>:0:2: warning: ISO C++11 requires whitespace after the macro name
Linking CXX executable cmTC_8ca49
/usr/bin/cmake -E cmake_link_script CMakeFiles/cmTC_8ca49.dir/link.txt --verbose=1
/usr/bin/c++   -DR-fvisibility=hidden    -rdynamic CMakeFiles/cmTC_8ca49.dir/src.cxx.o  -o cmTC_8ca49 
make[1]: Leaving directory '/home/jasper/ardupilot_gazebo/build/CMakeFiles/CMakeTmp'

Source file was:
int main() { return 0; }
Performing C++ SOURCE FILE Test R-fvisibility=hidden succeeded with the following output:
Change Dir: /home/jasper/ardupilot_gazebo/build/CMakeFiles/CMakeTmp

Run Build Command:"/usr/bin/make" "cmTC_d4390/fast"
/usr/bin/make -f CMakeFiles/cmTC_d4390.dir/build.make CMakeFiles/cmTC_d4390.dir/build
make[1]: Entering directory '/home/jasper/ardupilot_gazebo/build/CMakeFiles/CMakeTmp'
Building CXX object CMakeFiles/cmTC_d4390.dir/src.cxx.o
/usr/bin/c++    -DR-fvisibility=hidden   -fvisibility=hidden -o CMakeFiles/cmTC_d4390.dir/src.cxx.o -c /home/jasper/ardupilot_gazebo/build/CMakeFiles/CMakeTmp/src.cxx
<command-line>:0:2: warning: ISO C++11 requires whitespace after the macro name
Linking CXX executable cmTC_d4390
/usr/bin/cmake -E cmake_link_script CMakeFiles/cmTC_d4390.dir/link.txt --verbose=1
/usr/bin/c++   -DR-fvisibility=hidden    -rdynamic CMakeFiles/cmTC_d4390.dir/src.cxx.o  -o cmTC_d4390 
make[1]: Leaving directory '/home/jasper/ardupilot_gazebo/build/CMakeFiles/CMakeTmp'

Source file was:
int main() { return 0; }
Performing C++ SOURCE FILE Test R-fvisibility=hidden succeeded with the following output:
Change Dir: /home/jasper/ardupilot_gazebo/build/CMakeFiles/CMakeTmp

Run Build Command:"/usr/bin/make" "cmTC_9caf4/fast"
/usr/bin/make -f CMakeFiles/cmTC_9caf4.dir/build.make CMakeFiles/cmTC_9caf4.dir/build
make[1]: Entering directory '/home/jasper/ardupilot_gazebo/build/CMakeFiles/CMakeTmp'
Building CXX object CMakeFiles/cmTC_9caf4.dir/src.cxx.o
/usr/bin/c++    -DR-fvisibility=hidden   -fvisibility=hidden -o CMakeFiles/cmTC_9caf4.dir/src.cxx.o -c /home/jasper/ardupilot_gazebo/build/CMakeFiles/CMakeTmp/src.cxx
<command-line>:0:2: warning: ISO C++11 requires whitespace after the macro name
Linking CXX executable cmTC_9caf4
/usr/bin/cmake -E cmake_link_script CMakeFiles/cmTC_9caf4.dir/link.txt --verbose=1
/usr/bin/c++   -DR-fvisibility=hidden    -rdynamic CMakeFiles/cmTC_9caf4.dir/src.cxx.o  -o cmTC_9caf4 
make[1]: Leaving directory '/home/jasper/ardupilot_gazebo/build/CMakeFiles/CMakeTmp'

Source file was:
int main() { return 0; }
Performing C++ SOURCE FILE Test R-fvisibility=hidden succeeded with the following output:
Change Dir: /home/jasper/ardupilot_gazebo/build/CMakeFiles/CMakeTmp

Run Build Command:"/usr/bin/make" "cmTC_48912/fast"
/usr/bin/make -f CMakeFiles/cmTC_48912.dir/build.make CMakeFiles/cmTC_48912.dir/build
make[1]: Entering directory '/home/jasper/ardupilot_gazebo/build/CMakeFiles/CMakeTmp'
Building CXX object CMakeFiles/cmTC_48912.dir/src.cxx.o
/usr/bin/c++    -DR-fvisibility=hidden   -fvisibility=hidden -o CMakeFiles/cmTC_48912.dir/src.cxx.o -c /home/jasper/ardupilot_gazebo/build/CMakeFiles/CMakeTmp/src.cxx
<command-line>:0:2: warning: ISO C++11 requires whitespace after the macro name
Linking CXX executable cmTC_48912
/usr/bin/cmake -E cmake_link_script CMakeFiles/cmTC_48912.dir/link.txt --verbose=1
/usr/bin/c++   -DR-fvisibility=hidden    -rdynamic CMakeFiles/cmTC_48912.dir/src.cxx.o  -o cmTC_48912 
make[1]: Leaving directory '/home/jasper/ardupilot_gazebo/build/CMakeFiles/CMakeTmp'

Source file was:
int main() { return 0; }
Performing C++ SOURCE FILE Test R-fvisibility=hidden succeeded with the following output:
Change Dir: /home/jasper/ardupilot_gazebo/build/CMakeFiles/CMakeTmp

Run Build Command:"/usr/bin/make" "cmTC_90126/fast"
/usr/bin/make -f CMakeFiles/cmTC_90126.dir/build.make CMakeFiles/cmTC_90126.dir/build
make[1]: Entering directory '/home/jasper/ardupilot_gazebo/build/CMakeFiles/CMakeTmp'
Building CXX object CMakeFiles/cmTC_90126.dir/src.cxx.o
/usr/bin/c++    -DR-fvisibility=hidden   -fvisibility=hidden -o CMakeFiles/cmTC_90126.dir/src.cxx.o -c /home/jasper/ardupilot_gazebo/build/CMakeFiles/CMakeTmp/src.cxx
<command-line>:0:2: warning: ISO C++11 requires whitespace after the macro name
Linking CXX executable cmTC_90126
/usr/bin/cmake -E cmake_link_script CMakeFiles/cmTC_90126.dir/link.txt --verbose=1
/usr/bin/c++   -DR-fvisibility=hidden    -rdynamic CMakeFiles/cmTC_90126.dir/src.cxx.o  -o cmTC_90126 
make[1]: Leaving directory '/home/jasper/ardupilot_gazebo/build/CMakeFiles/CMakeTmp'

Source file was:
int main() { return 0; }
Performing C++ SOURCE FILE Test R-fvisibility=hidden succeeded with the following output:
Change Dir: /home/jasper/ardupilot_gazebo/build/CMakeFiles/CMakeTmp

Run Build Command:"/usr/bin/make" "cmTC_f8baa/fast"
/usr/bin/make -f CMakeFiles/cmTC_f8baa.dir/build.make CMakeFiles/cmTC_f8baa.dir/build
make[1]: Entering directory '/home/jasper/ardupilot_gazebo/build/CMakeFiles/CMakeTmp'
Building CXX object CMakeFiles/cmTC_f8baa.dir/src.cxx.o
/usr/bin/c++    -DR-fvisibility=hidden   -fvisibility=hidden -o CMakeFiles/cmTC_f8baa.dir/src.cxx.o -c /home/jasper/ardupilot_gazebo/build/CMakeFiles/CMakeTmp/src.cxx
<command-line>:0:2: warning: ISO C++11 requires whitespace after the macro name
Linking CXX executable cmTC_f8baa
/usr/bin/cmake -E cmake_link_script CMakeFiles/cmTC_f8baa.dir/link.txt --verbose=1
/usr/bin/c++   -DR-fvisibility=hidden    -rdynamic CMakeFiles/cmTC_f8baa.dir/src.cxx.o  -o cmTC_f8baa 
make[1]: Leaving directory '/home/jasper/ardupilot_gazebo/build/CMakeFiles/CMakeTmp'

Source file was:
int main() { return 0; }
Performing C++ SOURCE FILE Test R-fvisibility=hidden succeeded with the following output:
Change Dir: /home/jasper/ardupilot_gazebo/build/CMakeFiles/CMakeTmp

Run Build Command:"/usr/bin/make" "cmTC_7b4b7/fast"
/usr/bin/make -f CMakeFiles/cmTC_7b4b7.dir/build.make CMakeFiles/cmTC_7b4b7.dir/build
make[1]: Entering directory '/home/jasper/ardupilot_gazebo/build/CMakeFiles/CMakeTmp'
Building CXX object CMakeFiles/cmTC_7b4b7.dir/src.cxx.o
/usr/bin/c++    -DR-fvisibility=hidden   -fvisibility=hidden -o CMakeFiles/cmTC_7b4b7.dir/src.cxx.o -c /home/jasper/ardupilot_gazebo/build/CMakeFiles/CMakeTmp/src.cxx
<command-line>:0:2: warning: ISO C++11 requires whitespace after the macro name
Linking CXX executable cmTC_7b4b7
/usr/bin/cmake -E cmake_link_script CMakeFiles/cmTC_7b4b7.dir/link.txt --verbose=1
/usr/bin/c++   -DR-fvisibility=hidden    -rdynamic CMakeFiles/cmTC_7b4b7.dir/src.cxx.o  -o cmTC_7b4b7 
make[1]: Leaving directory '/home/jasper/ardupilot_gazebo/build/CMakeFiles/CMakeTmp'

Source file was:
int main() { return 0; }
Performing C++ SOURCE FILE Test R-fvisibility=hidden succeeded with the following output:
Change Dir: /home/jasper/ardupilot_gazebo/build/CMakeFiles/CMakeTmp

Run Build Command:"/usr/bin/make" "cmTC_71caa/fast"
/usr/bin/make -f CMakeFiles/cmTC_71caa.dir/build.make CMakeFiles/cmTC_71caa.dir/build
make[1]: Entering directory '/home/jasper/ardupilot_gazebo/build/CMakeFiles/CMakeTmp'
Building CXX object CMakeFiles/cmTC_71caa.dir/src.cxx.o
/usr/bin/c++    -DR-fvisibility=hidden   -fvisibility=hidden -o CMakeFiles/cmTC_71caa.dir/src.cxx.o -c /home/jasper/ardupilot_gazebo/build/CMakeFiles/CMakeTmp/src.cxx
<command-line>:0:2: warning: ISO C++11 requires whitespace after the macro name
Linking CXX executable cmTC_71caa
/usr/bin/cmake -E cmake_link_script CMakeFiles/cmTC_71caa.dir/link.txt --verbose=1
/usr/bin/c++   -DR-fvisibility=hidden    -rdynamic CMakeFiles/cmTC_71caa.dir/src.cxx.o  -o cmTC_71caa 
make[1]: Leaving directory '/home/jasper/ardupilot_gazebo/build/CMakeFiles/CMakeTmp'

Source file was:
int main() { return 0; }
Performing C++ SOURCE FILE Test R-fvisibility=hidden succeeded with the following output:
Change Dir: /home/jasper/ardupilot_gazebo/build/CMakeFiles/CMakeTmp

Run Build Command:"/usr/bin/make" "cmTC_69a70/fast"
/usr/bin/make -f CMakeFiles/cmTC_69a70.dir/build.make CMakeFiles/cmTC_69a70.dir/build
make[1]: Entering directory '/home/jasper/ardupilot_gazebo/build/CMakeFiles/CMakeTmp'
Building CXX object CMakeFiles/cmTC_69a70.dir/src.cxx.o
/usr/bin/c++    -DR-fvisibility=hidden   -fvisibility=hidden -o CMakeFiles/cmTC_69a70.dir/src.cxx.o -c /home/jasper/ardupilot_gazebo/build/CMakeFiles/CMakeTmp/src.cxx
<command-line>:0:2: warning: ISO C++11 requires whitespace after the macro name
Linking CXX executable cmTC_69a70
/usr/bin/cmake -E cmake_link_script CMakeFiles/cmTC_69a70.dir/link.txt --verbose=1
/usr/bin/c++   -DR-fvisibility=hidden    -rdynamic CMakeFiles/cmTC_69a70.dir/src.cxx.o  -o cmTC_69a70 
make[1]: Leaving directory '/home/jasper/ardupilot_gazebo/build/CMakeFiles/CMakeTmp'

Source file was:
int main() { return 0; }
